SF:lib/core/validation/validation_service.dart
DA:5,1
DA:6,1
DA:10,1
DA:11,1
DA:15,1
DA:18,1
DA:19,1
DA:23,2
DA:27,1
DA:30,1
DA:31,1
DA:35,2
DA:39,1
DA:42,1
DA:43,1
DA:47,2
DA:51,1
DA:54,0
DA:55,0
DA:59,0
DA:60,0
DA:64,0
DA:67,0
DA:69,0
DA:72,0
DA:75,0
DA:77,0
DA:80,0
DA:81,0
DA:84,0
DA:87,1
DA:91,1
DA:92,1
DA:94,1
DA:95,2
DA:96,2
DA:97,0
DA:98,3
DA:106,1
DA:113,1
DA:114,1
DA:115,1
DA:116,1
DA:118,1
DA:119,2
DA:120,2
DA:121,0
DA:122,2
DA:123,0
DA:124,2
DA:125,0
DA:126,3
LF:52
LH:35
end_of_record
SF:lib/core/errors/app_exceptions.dart
DA:15,0
DA:16,0
DA:23,0
DA:25,0
DA:26,0
DA:30,0
DA:34,0
DA:38,0
DA:42,0
DA:49,15
DA:55,0
DA:56,0
DA:61,0
DA:62,0
DA:64,0
DA:65,0
DA:69,12
DA:73,0
DA:77,1
DA:81,0
DA:85,0
DA:89,2
DA:100,0
DA:106,0
DA:107,0
LF:25
LH:4
end_of_record
SF:lib/core/utils/validators.dart
DA:6,1
DA:7,2
DA:8,1
DA:14,1
DA:15,2
DA:18,1
DA:21,1
DA:28,1
DA:29,1
DA:32,2
DA:33,1
DA:40,1
DA:41,1
DA:44,2
DA:47,2
DA:50,2
DA:53,2
DA:60,1
DA:61,1
DA:64,1
DA:71,1
DA:72,2
DA:76,1
DA:77,3
DA:85,1
DA:87,1
DA:89,2
DA:90,1
DA:96,1
DA:98,1
DA:102,7
DA:103,4
DA:105,1
DA:106,1
DA:112,1
DA:113,2
DA:116,2
DA:117,2
DA:120,2
DA:127,1
DA:128,2
DA:131,2
DA:132,2
DA:135,2
DA:142,0
DA:144,0
DA:155,1
DA:156,2
DA:159,1
DA:160,3
DA:163,2
DA:170,1
DA:171,2
DA:174,3
DA:181,0
DA:182,0
DA:185,0
DA:192,0
DA:193,0
DA:196,0
DA:203,1
DA:204,2
DA:205,1
DA:211,1
DA:218,1
DA:225,1
DA:226,1
DA:229,2
DA:230,1
DA:231,1
DA:237,1
DA:241,1
DA:244,1
DA:251,1
DA:252,2
DA:253,1
DA:259,1
DA:270,1
DA:271,1
DA:272,1
DA:273,1
DA:274,1
DA:275,1
DA:276,1
DA:277,0
DA:279,0
DA:285,1
DA:295,1
DA:296,1
DA:297,1
DA:298,1
DA:299,1
DA:300,1
DA:301,0
DA:302,0
DA:304,0
DA:305,0
DA:307,0
DA:308,0
DA:314,1
DA:319,1
DA:320,1
DA:321,1
DA:322,0
DA:327,1
DA:334,1
DA:335,1
DA:336,1
DA:337,1
DA:338,1
DA:343,1
DA:344,3
DA:348,1
DA:349,1
DA:350,2
DA:352,1
DA:359,1
DA:360,2
DA:367,0
LF:119
LH:101
end_of_record
SF:lib/domain/entities/time_log_entity.dart
DA:17,2
DA:32,0
DA:33,0
DA:34,0
DA:35,0
DA:36,0
DA:37,0
DA:38,0
DA:40,0
DA:41,0
DA:42,0
DA:43,0
DA:44,0
DA:45,0
DA:47,0
DA:48,0
DA:49,0
DA:54,0
DA:55,0
DA:56,0
DA:57,0
DA:58,0
DA:59,0
DA:60,0
DA:61,0
DA:62,0
DA:63,0
DA:64,0
DA:65,0
DA:66,0
DA:67,0
DA:70,0
DA:84,0
DA:85,0
DA:86,0
DA:87,0
DA:88,0
DA:89,0
DA:90,0
DA:91,0
DA:92,0
DA:93,0
DA:94,0
DA:95,0
DA:96,0
DA:100,0
DA:102,0
DA:105,0
DA:107,0
DA:108,0
DA:109,0
DA:115,0
DA:116,0
DA:118,0
DA:119,0
DA:120,0
DA:126,0
DA:127,0
DA:128,0
DA:129,0
DA:130,0
DA:131,0
DA:132,0
DA:133,0
DA:134,0
DA:135,0
DA:136,0
DA:137,0
DA:138,0
DA:139,0
LF:70
LH:1
end_of_record
SF:lib/domain/usecases/time_log/clock_in_usecase.dart
DA:9,1
DA:11,1
DA:14,1
DA:21,2
DA:22,1
DA:23,0
DA:24,1
DA:29,2
DA:33,0
LF:9
LH:7
end_of_record
SF:lib/core/enums/user_role.dart
DA:11,0
DA:12,0
DA:13,0
DA:14,0
DA:18,1
DA:19,1
LF:6
LH:2
end_of_record
SF:lib/domain/entities/user_entity.dart
DA:17,2
DA:31,0
DA:36,0
DA:42,0
DA:43,0
DA:44,0
DA:45,0
DA:46,0
DA:47,0
DA:48,0
DA:49,0
DA:50,0
DA:51,0
DA:52,0
DA:53,0
DA:54,0
DA:57,0
DA:70,0
DA:71,0
DA:72,0
DA:73,0
DA:74,0
DA:75,0
DA:76,0
DA:77,0
DA:78,0
DA:79,0
DA:80,0
DA:81,0
DA:85,1
DA:88,0
DA:89,0
DA:90,0
DA:91,0
DA:92,0
DA:93,0
DA:94,0
DA:95,0
DA:96,0
DA:97,0
DA:98,0
DA:99,0
DA:102,0
DA:104,0
DA:105,0
DA:106,0
DA:107,0
DA:108,0
DA:109,0
DA:110,0
DA:111,0
DA:112,0
DA:113,0
DA:114,0
DA:117,1
DA:119,12
LF:56
LH:4
end_of_record
SF:lib/domain/usecases/auth/login_usecase.dart
DA:9,1
DA:11,1
DA:15,1
DA:19,1
DA:23,1
DA:27,2
DA:30,1
DA:31,2
LF:8
LH:8
end_of_record
SF:lib/core/enums/class_shift.dart
DA:8,0
DA:10,0
DA:12,0
DA:14,0
DA:16,0
DA:18,0
DA:23,0
DA:25,0
DA:28,0
DA:32,0
DA:33,0
DA:34,0
DA:35,0
LF:13
LH:0
end_of_record
SF:lib/core/enums/internship_shift.dart
DA:11,0
DA:12,0
DA:13,0
DA:14,0
DA:18,0
DA:19,0
LF:6
LH:0
end_of_record
SF:lib/domain/usecases/auth/update_profile_usecase.dart
DA:14,0
DA:26,0
DA:28,0
DA:31,0
DA:35,0
DA:40,0
DA:43,0
DA:44,0
DA:47,0
DA:48,0
DA:49,0
LF:11
LH:0
end_of_record
SF:lib/domain/usecases/auth/get_auth_state_changes_usecase.dart
DA:8,0
DA:10,0
DA:11,0
LF:3
LH:0
end_of_record
SF:lib/domain/usecases/auth/get_current_user_usecase.dart
DA:9,0
DA:11,0
DA:12,0
LF:3
LH:0
end_of_record
SF:lib/domain/usecases/auth/logout_usecase.dart
DA:8,0
DA:10,0
DA:11,0
LF:3
LH:0
end_of_record
SF:lib/domain/usecases/auth/register_usecase.dart
DA:12,0
DA:14,0
DA:31,0
DA:34,0
DA:38,0
DA:42,0
DA:46,0
DA:51,0
DA:52,0
DA:57,0
DA:76,0
DA:77,0
DA:80,0
DA:81,0
DA:82,0
LF:15
LH:0
end_of_record
SF:lib/domain/usecases/auth/reset_password_usecase.dart
DA:9,0
DA:11,0
DA:12,0
DA:15,0
DA:18,0
DA:19,0
LF:6
LH:0
end_of_record
SF:lib/features/auth/bloc/auth_bloc.dart
DA:29,1
DA:44,2
DA:45,2
DA:46,2
DA:47,2
DA:48,2
DA:49,2
DA:50,2
DA:51,2
DA:54,3
DA:55,1
DA:59,0
DA:61,1
DA:62,0
DA:64,0
DA:66,0
DA:68,0
DA:70,0
DA:73,0
DA:78,1
DA:80,2
DA:81,1
DA:84,1
DA:88,2
DA:89,2
DA:90,1
DA:91,1
DA:93,1
DA:94,0
DA:95,0
DA:96,0
DA:97,0
DA:98,0
DA:103,0
DA:106,1
DA:107,1
DA:108,2
DA:110,2
DA:116,0
DA:120,0
DA:121,0
DA:122,0
DA:123,0
DA:124,0
DA:128,0
DA:132,0
DA:133,0
DA:134,0
DA:135,0
DA:136,0
DA:137,0
DA:138,0
DA:139,0
DA:140,0
DA:141,0
DA:142,0
DA:143,0
DA:144,0
DA:145,0
DA:146,0
DA:147,0
DA:148,0
DA:150,0
DA:151,0
DA:152,0
DA:153,0
DA:154,0
DA:156,0
DA:162,0
DA:167,0
DA:171,0
DA:172,0
DA:173,0
DA:175,0
DA:176,0
DA:178,0
DA:180,0
DA:182,0
DA:183,0
DA:185,0
DA:186,0
DA:190,0
DA:192,0
DA:195,0
DA:198,0
DA:200,0
DA:204,0
DA:207,0
DA:213,0
DA:215,0
DA:219,0
DA:223,0
DA:224,0
DA:225,0
DA:226,0
DA:227,0
DA:228,0
DA:229,0
DA:235,1
DA:237,2
DA:238,2
DA:239,2
DA:240,2
DA:241,2
DA:243,3
DA:249,3
DA:256,0
DA:263,0
DA:271,0
DA:274,0
DA:277,0
DA:282,0
DA:284,0
DA:285,0
DA:286,0
DA:287,0
DA:290,0
DA:292,0
DA:294,0
DA:297,0
DA:299,0
DA:301,0
DA:306,0
DA:307,0
DA:309,0
DA:310,0
DA:313,0
DA:314,0
DA:317,0
DA:320,0
DA:324,0
DA:325,0
DA:326,0
DA:327,0
DA:328,0
LF:135
LH:33
end_of_record
SF:lib/features/auth/bloc/auth_event.dart
DA:10,2
DA:12,0
DA:13,0
DA:20,1
DA:25,0
DA:26,0
DA:48,0
DA:66,0
DA:67,0
DA:68,0
DA:69,0
DA:70,0
DA:71,0
DA:72,0
DA:73,0
DA:74,0
DA:75,0
DA:76,0
DA:77,0
DA:78,0
DA:79,0
DA:80,0
DA:81,0
DA:82,0
DA:91,1
DA:93,0
DA:94,0
DA:100,0
DA:102,0
DA:103,0
DA:107,0
DA:111,0
DA:117,0
DA:119,0
DA:120,0
DA:131,0
DA:140,0
DA:141,0
DA:142,0
DA:143,0
DA:144,0
DA:145,0
DA:146,0
DA:147,0
DA:154,0
DA:156,0
DA:157,0
LF:47
LH:3
end_of_record
SF:lib/features/auth/bloc/auth_state.dart
DA:6,2
DA:8,1
DA:9,1
DA:23,1
DA:25,1
DA:26,3
DA:31,1
DA:38,0
DA:40,0
DA:41,0
DA:49,0
DA:54,0
DA:55,0
DA:62,1
DA:64,0
DA:65,0
DA:72,0
DA:74,0
DA:75,0
DA:82,1
DA:84,0
DA:85,0
DA:89,0
DA:94,0
DA:96,0
DA:97,0
DA:103,1
DA:105,1
DA:106,2
LF:29
LH:12
end_of_record
SF:lib/core/services/notification_service.dart
DA:39,0
DA:48,0
DA:49,0
DA:50,0
DA:51,0
DA:52,0
DA:53,0
DA:54,0
DA:57,0
DA:58,0
DA:59,0
DA:60,0
DA:61,0
DA:62,0
DA:64,0
DA:65,0
DA:66,0
DA:67,0
DA:74,0
DA:75,0
DA:76,1
DA:77,0
DA:78,0
DA:82,0
DA:83,0
DA:84,0
DA:88,0
DA:89,0
DA:91,0
DA:92,0
DA:95,0
DA:109,0
DA:110,0
DA:111,0
DA:118,0
DA:119,0
DA:120,0
DA:123,0
DA:124,0
DA:128,0
DA:131,0
DA:134,0
DA:135,0
DA:137,0
DA:139,0
DA:144,0
DA:146,0
DA:147,0
DA:150,0
DA:156,0
DA:160,0
DA:170,0
DA:171,0
DA:176,0
DA:177,0
DA:180,0
DA:181,0
DA:183,0
DA:189,0
DA:206,0
DA:208,0
DA:212,0
DA:213,0
DA:218,0
DA:236,0
DA:237,0
DA:239,0
DA:241,0
DA:242,0
DA:244,0
DA:248,0
DA:250,0
DA:251,0
DA:253,0
DA:254,0
DA:255,0
DA:258,0
DA:259,0
DA:260,0
DA:265,0
DA:266,0
DA:267,0
DA:268,0
DA:269,0
DA:273,0
DA:274,0
DA:277,0
DA:279,0
DA:284,0
DA:285,0
DA:287,0
DA:288,0
DA:289,0
DA:292,0
DA:296,0
DA:297,0
DA:299,0
DA:300,0
DA:301,0
DA:305,0
DA:306,0
DA:307,0
DA:308,0
DA:309,0
DA:312,0
DA:313,0
DA:315,0
DA:316,0
DA:317,0
DA:318,0
DA:323,0
DA:324,0
DA:325,0
DA:327,0
DA:329,0
DA:330,0
DA:334,0
DA:343,0
DA:348,0
DA:349,0
DA:350,0
DA:351,0
DA:353,0
DA:358,0
DA:359,0
DA:361,0
DA:362,0
DA:363,0
DA:364,0
DA:366,0
DA:372,0
DA:380,0
DA:381,0
DA:385,0
DA:394,0
DA:395,0
DA:397,0
DA:399,0
DA:400,0
DA:411,0
DA:416,0
DA:417,0
DA:420,0
DA:423,0
DA:426,0
DA:429,0
DA:430,0
DA:431,0
DA:435,0
DA:436,0
DA:437,0
DA:441,0
DA:442,0
DA:446,0
DA:448,0
DA:449,0
DA:451,0
DA:456,0
DA:458,0
DA:459,0
DA:461,0
DA:467,0
DA:468,0
DA:471,0
DA:472,0
DA:475,0
DA:479,0
DA:481,0
DA:482,0
DA:483,0
DA:484,0
DA:485,0
DA:487,0
DA:492,0
DA:494,0
DA:495,0
DA:498,0
DA:499,0
DA:500,0
DA:501,0
DA:504,0
DA:505,0
DA:510,0
DA:511,0
DA:512,0
DA:513,0
DA:517,0
DA:519,0
DA:523,0
DA:525,0
DA:526,0
DA:527,0
DA:534,0
DA:536,0
DA:537,0
DA:538,0
DA:545,0
DA:547,0
DA:549,0
DA:551,0
DA:553,0
DA:555,0
DA:557,0
DA:562,0
DA:564,0
DA:565,0
DA:566,0
DA:574,0
DA:581,0
DA:582,0
DA:587,0
DA:590,0
DA:591,0
DA:595,0
DA:602,0
DA:612,0
DA:613,0
DA:617,0
DA:619,0
DA:620,0
DA:627,0
DA:628,0
DA:632,0
DA:637,0
DA:638,0
DA:643,0
DA:646,0
DA:650,0
DA:651,0
DA:652,0
LF:230
LH:1
end_of_record
SF:lib/core/utils/logger_utils.dart
DA:6,0
DA:11,0
DA:12,0
DA:13,0
DA:26,0
DA:27,0
DA:30,0
DA:31,0
DA:34,0
DA:35,0
DA:38,0
DA:39,0
DA:42,0
DA:43,0
DA:46,0
DA:47,0
LF:16
LH:0
end_of_record
SF:lib/data/datasources/local/preferences_manager.dart
DA:7,1
DA:10,1
DA:11,1
DA:12,2
DA:16,1
DA:17,2
DA:20,0
DA:21,0
DA:25,0
DA:26,0
DA:27,0
DA:31,0
DA:32,0
DA:33,0
DA:35,0
DA:40,0
DA:41,0
DA:45,0
DA:46,0
DA:47,0
DA:51,0
DA:52,0
DA:56,0
DA:57,0
DA:58,0
DA:62,0
DA:63,0
DA:67,0
DA:69,0
DA:70,0
DA:74,0
DA:75,0
DA:76,0
DA:78,0
DA:79,0
DA:85,0
DA:86,0
DA:87,0
DA:91,0
DA:92,0
DA:93,0
DA:95,0
DA:96,0
DA:102,0
DA:103,0
DA:104,0
DA:108,0
DA:109,0
DA:110,0
DA:112,0
DA:113,0
DA:119,0
DA:121,0
DA:122,0
DA:126,0
DA:127,0
DA:128,0
DA:130,0
DA:131,0
DA:137,0
DA:138,0
DA:139,0
DA:143,0
DA:144,0
DA:145,0
DA:147,0
DA:148,0
DA:154,0
DA:155,0
DA:156,0
DA:160,0
DA:161,0
DA:162,0
DA:164,0
DA:170,0
DA:171,0
DA:172,0
DA:176,0
DA:177,0
DA:178,0
DA:180,0
DA:186,0
DA:187,0
DA:188,0
DA:192,0
DA:193,0
DA:194,0
DA:196,0
DA:202,1
DA:204,1
DA:205,4
DA:209,1
DA:210,1
DA:211,3
DA:213,1
DA:218,0
DA:219,0
DA:223,0
DA:224,0
DA:225,0
DA:226,0
DA:229,0
DA:230,0
DA:231,0
DA:232,0
DA:235,0
DA:236,0
DA:237,0
DA:238,0
DA:239,0
DA:245,1
DA:246,2
LF:112
LH:15
end_of_record
SF:lib/data/datasources/supabase/time_log_datasource.dart
DA:7,0
DA:9,0
DA:11,0
DA:12,0
DA:13,0
DA:14,0
DA:16,0
DA:18,0
DA:22,0
DA:24,0
DA:25,0
DA:26,0
DA:27,0
DA:28,0
DA:32,0
DA:36,0
DA:39,0
DA:40,0
DA:41,0
DA:42,0
DA:43,0
DA:45,0
DA:47,0
DA:51,0
DA:57,0
DA:58,0
DA:59,0
DA:60,0
DA:61,0
DA:62,0
DA:63,0
DA:65,0
DA:67,0
DA:71,0
DA:73,0
DA:74,0
DA:75,0
DA:76,0
DA:77,0
DA:78,0
DA:82,0
DA:86,0
DA:90,0
DA:93,0
DA:96,0
DA:97,0
DA:98,0
DA:99,0
DA:100,0
DA:101,0
DA:106,0
DA:107,0
DA:109,0
DA:110,0
DA:112,0
DA:113,0
DA:117,0
DA:120,0
DA:121,0
DA:122,0
DA:123,0
DA:124,0
DA:127,0
DA:132,0
DA:134,0
DA:140,0
DA:142,0
DA:144,0
DA:148,0
DA:152,0
DA:156,0
DA:157,0
DA:161,0
DA:163,0
DA:166,0
DA:167,0
DA:169,0
DA:170,0
DA:171,0
DA:176,0
DA:179,0
DA:182,0
DA:184,0
DA:189,0
DA:191,0
DA:195,0
DA:199,0
DA:200,0
DA:204,0
DA:206,0
DA:209,0
DA:210,0
DA:213,0
DA:214,0
DA:215,0
DA:216,0
DA:217,0
DA:218,0
DA:219,0
DA:223,0
DA:224,0
DA:226,0
DA:227,0
DA:228,0
DA:229,0
DA:233,0
DA:235,0
DA:237,0
DA:242,0
DA:247,0
DA:248,0
DA:249,0
DA:253,0
DA:255,0
DA:256,0
DA:257,0
DA:261,0
DA:262,0
DA:263,0
DA:264,0
DA:266,0
DA:271,0
DA:277,0
DA:279,0
DA:282,0
DA:284,0
DA:285,0
DA:286,0
DA:287,0
DA:288,0
DA:289,0
DA:292,0
DA:296,0
DA:303,0
DA:305,0
DA:306,0
DA:313,0
DA:318,0
DA:320,0
DA:321,0
DA:324,0
DA:325,0
DA:326,0
DA:327,0
DA:329,0
DA:330,0
DA:331,0
DA:332,0
DA:334,0
DA:335,0
DA:336,0
DA:340,0
DA:343,0
DA:348,0
DA:351,0
DA:352,0
DA:353,0
DA:360,0
DA:361,0
DA:363,0
DA:365,0
LF:161
LH:0
end_of_record
SF:lib/data/repositories/time_log_repository.dart
DA:14,1
DA:16,0
DA:19,0
DA:21,0
DA:22,0
DA:23,0
DA:25,0
DA:26,0
DA:30,0
DA:33,0
DA:37,0
DA:38,0
DA:40,0
DA:41,0
DA:45,1
DA:49,2
DA:51,4
DA:52,1
DA:53,1
DA:55,2
DA:56,1
DA:60,0
DA:67,0
DA:73,0
DA:74,0
DA:75,0
DA:77,0
DA:78,0
DA:82,0
DA:85,0
DA:87,0
DA:88,0
DA:90,0
DA:91,0
DA:95,0
DA:98,0
DA:99,0
DA:100,0
DA:101,0
DA:102,0
DA:103,0
DA:104,0
DA:105,0
DA:106,0
DA:107,0
DA:108,0
DA:109,0
DA:110,0
DA:113,0
DA:115,0
DA:116,0
DA:119,0
DA:120,0
DA:121,0
DA:123,0
DA:124,0
DA:128,0
DA:131,0
DA:132,0
DA:133,0
DA:134,0
DA:135,0
DA:136,0
DA:137,0
DA:138,0
DA:139,0
DA:140,0
DA:141,0
DA:142,0
DA:143,0
DA:146,0
DA:147,0
DA:148,0
DA:150,0
DA:151,0
DA:153,0
DA:154,0
DA:158,0
DA:161,0
DA:164,0
DA:165,0
DA:169,1
DA:173,2
DA:175,2
DA:176,1
DA:178,0
DA:179,0
DA:183,0
DA:187,0
DA:188,0
DA:189,0
DA:191,0
DA:192,0
DA:196,0
DA:200,0
DA:201,0
DA:203,0
DA:207,0
DA:212,0
DA:214,0
DA:215,0
DA:216,0
DA:218,0
DA:219,0
DA:223,0
DA:227,0
DA:229,0
DA:231,0
DA:235,0
DA:242,0
DA:243,0
DA:249,0
DA:251,0
DA:256,0
DA:257,0
DA:259,0
DA:263,0
DA:266,0
DA:268,0
DA:269,0
DA:270,0
DA:272,0
LF:122
LH:12
end_of_record
SF:lib/data/models/time_log_model.dart
DA:17,1
DA:32,1
DA:33,1
DA:34,1
DA:35,1
DA:36,2
DA:37,1
DA:38,1
DA:39,1
DA:40,1
DA:41,1
DA:42,1
DA:43,1
DA:44,0
DA:46,2
DA:47,1
DA:48,0
DA:53,0
DA:54,0
DA:55,0
DA:56,0
DA:57,0
DA:58,0
DA:59,0
DA:60,0
DA:61,0
DA:62,0
DA:63,0
DA:64,0
DA:65,0
DA:66,0
DA:70,1
DA:71,1
DA:72,1
DA:73,1
DA:74,1
DA:75,1
DA:76,1
DA:77,1
DA:78,1
DA:79,1
DA:80,1
DA:81,1
DA:82,1
DA:83,1
DA:87,0
DA:90,0
DA:91,0
DA:92,0
DA:93,0
DA:94,0
DA:95,0
DA:96,0
DA:97,0
DA:98,0
DA:99,0
DA:100,0
DA:101,0
DA:102,0
DA:105,0
DA:107,0
DA:108,0
DA:109,0
DA:110,0
DA:111,0
DA:112,0
DA:113,0
DA:114,0
DA:115,0
DA:116,0
DA:117,0
DA:118,0
DA:121,0
DA:123,0
LF:74
LH:29
end_of_record
SF:lib/data/datasources/local/cache_manager.dart
DA:4,1
DA:5,2
DA:6,3
DA:9,1
DA:10,2
DA:13,4
DA:14,2
DA:18,1
DA:21,1
DA:22,2
DA:25,0
DA:26,0
DA:29,0
DA:30,0
DA:33,0
DA:34,0
DA:41,0
DA:42,0
DA:43,0
DA:44,0
DA:50,1
DA:51,1
DA:54,1
DA:55,1
DA:59,1
DA:60,1
DA:63,1
DA:64,1
DA:68,0
DA:69,0
DA:72,0
DA:73,0
DA:79,0
DA:80,0
DA:83,0
DA:84,0
DA:88,0
DA:89,0
DA:92,0
DA:93,0
DA:97,0
DA:98,0
DA:101,0
DA:102,0
DA:108,0
DA:109,0
DA:112,0
DA:113,0
DA:117,0
DA:118,0
DA:121,0
DA:122,0
DA:128,1
DA:129,2
DA:132,1
DA:133,2
DA:136,0
DA:137,0
DA:143,0
DA:144,0
DA:148,0
DA:149,0
DA:151,0
DA:158,1
DA:159,1
DA:160,1
DA:161,1
DA:164,0
DA:165,0
DA:166,0
DA:167,0
DA:170,0
DA:171,0
DA:172,0
DA:173,0
DA:174,0
DA:177,0
DA:178,0
DA:182,1
DA:183,1
DA:184,3
DA:185,1
DA:186,1
DA:189,2
DA:190,1
DA:196,0
DA:197,0
DA:200,0
DA:201,0
DA:204,0
DA:205,0
DA:207,0
DA:208,0
DA:216,1
LF:94
LH:34
end_of_record
